/*C13*/SET SCHEMA PUBLIC
CONNECT USER SA
DISCONNECT
/*C14*/SET SCHEMA PUBLIC
CONNECT USER SA
DISCONNECT
/*C15*/SET SCHEMA PUBLIC
CONNECT USER SA
/*C16*/SET SCHEMA PUBLIC
CONNECT USER SA
/*C17*/SET SCHEMA PUBLIC
CONNECT USER SA
/*C18*/SET SCHEMA PUBLIC
CONNECT USER SA
/*C19*/SET SCHEMA PUBLIC
CONNECT USER SA
/*C20*/SET SCHEMA PUBLIC
CONNECT USER SA
/*C21*/SET SCHEMA PUBLIC
CONNECT USER SA
/*C22*/SET SCHEMA PUBLIC
CONNECT USER SA
/*C23*/SET SCHEMA PUBLIC
CONNECT USER SA
/*C24*/SET SCHEMA PUBLIC
CONNECT USER SA
SET LOGSIZE 5
SET AUTOCOMMIT FALSE
/*C23*/SET AUTOCOMMIT FALSE
SET AUTOCOMMIT TRUE
/*C24*/SET AUTOCOMMIT TRUE
INSERT INTO FR_EXERECORD VALUES(27,'demoday.frm',3,'','localhost','\u672a\u767b\u5f55\u7528\u6237','\u672a\u77e5\u89d2\u8272',83,'2016-11-04 16:53:07.067000000',NULL,NULL,0)
INSERT INTO FR_EXERECORD VALUES(28,'demoweek.frm',3,'','localhost','\u672a\u767b\u5f55\u7528\u6237','\u672a\u77e5\u89d2\u8272',87,'2016-11-04 16:53:07.098000000',NULL,NULL,0)
INSERT INTO FR_EXERECORD VALUES(29,'demomonth.frm',3,'','localhost','\u672a\u767b\u5f55\u7528\u6237','\u672a\u77e5\u89d2\u8272',83,'2016-11-04 16:53:07.101000000',NULL,NULL,0)
/*C23*/INSERT INTO FR_FUNCTIONRECORD VALUES('{"208147393":1}','2016-11-04 16:55:07.111000000')
